<?xml version="1.0" encoding="UTF-8"?>
<testng-results skipped="0" failed="0" total="1" passed="1">
  <reporter-output>
  </reporter-output>
  <suite name="Default suite" duration-ms="63709" started-at="2016-10-03T12:53:39Z" finished-at="2016-10-03T12:54:43Z">
    <groups>
    </groups>
    <test name="Default test" duration-ms="63709" started-at="2016-10-03T12:53:39Z" finished-at="2016-10-03T12:54:43Z">
      <class name="basicScripts.BasicTest">
        <test-method status="PASS" signature="beforeClass()[pri:0, instance:basicScripts.BasicTest@294de1c8]" name="beforeClass" is-config="true" duration-ms="350" started-at="2016-10-03T18:23:39Z" finished-at="2016-10-03T18:23:40Z">
          <reporter-output>
          </reporter-output>
        </test-method> <!-- beforeClass -->
        <test-method status="PASS" signature="Test()[pri:0, instance:basicScripts.BasicTest@294de1c8]" name="Test" duration-ms="63338" started-at="2016-10-03T18:23:40Z" finished-at="2016-10-03T18:24:43Z">
          <reporter-output>
          </reporter-output>
        </test-method> <!-- Test -->
      </class> <!-- basicScripts.BasicTest -->
    </test> <!-- Default test -->
  </suite> <!-- Default suite -->
</testng-results>
