<?xml version="1.0" encoding="UTF-8"?>
<testng-results skipped="0" failed="0" total="1" passed="1">
  <reporter-output>
  </reporter-output>
  <suite name="CTtransit Automation Suite" duration-ms="113346" started-at="2016-09-24T14:07:54Z" finished-at="2016-09-24T14:09:47Z">
    <groups>
    </groups>
    <test name="CTtransit Automation Run on Firefox" duration-ms="113346" started-at="2016-09-24T14:07:54Z" finished-at="2016-09-24T14:09:47Z">
      <class name="basicScripts.BasicTest">
        <test-method status="PASS" signature="beforeClass()[pri:0, instance:basicScripts.BasicTest@1b4d41e]" name="beforeClass" is-config="true" duration-ms="319" started-at="2016-09-24T19:37:54Z" finished-at="2016-09-24T19:37:54Z">
          <reporter-output>
          </reporter-output>
        </test-method> <!-- beforeClass -->
        <test-method status="PASS" signature="setUp(java.lang.String, java.lang.String, java.lang.String)[pri:0, instance:basicScripts.BasicTest@1b4d41e]" name="setUp" is-config="true" duration-ms="16212" started-at="2016-09-24T19:37:54Z" finished-at="2016-09-24T19:38:10Z">
          <params>
            <param index="0">
              <value>
                <![CDATA[chrome]]>
              </value>
            </param>
            <param index="1">
              <value>
                <![CDATA[local]]>
              </value>
            </param>
            <param index="2">
              <value>
                <![CDATA[windows 7]]>
              </value>
            </param>
          </params>
          <reporter-output>
          </reporter-output>
        </test-method> <!-- setUp -->
        <test-method status="PASS" signature="Test()[pri:0, instance:basicScripts.BasicTest@1b4d41e]" name="Test" duration-ms="5805" started-at="2016-09-24T19:38:10Z" finished-at="2016-09-24T19:38:16Z">
          <reporter-output>
          </reporter-output>
        </test-method> <!-- Test -->
        <test-method status="FAIL" signature="tearDown(org.testng.ITestResult)[pri:0, instance:basicScripts.BasicTest@1b4d41e]" name="tearDown" is-config="true" duration-ms="0" started-at="2016-09-24T19:38:16Z" finished-at="2016-09-24T19:38:16Z">
          <params>
            <param index="0">
              <value>
                <![CDATA[[TestResult name=Test status=SUCCESS method=BasicTest.Test()[pri:0, instance:basicScripts.BasicTest@1b4d41e] output={null}]]]>
              </value>
            </param>
          </params>
          <exception class="org.openqa.selenium.TimeoutException">
            <message>
              <![CDATA[timeout: cannot determine loading status
from timeout: Timed out receiving message from renderer: -0.011
  (Session info: chrome=53.0.2785.116)
  (Driver info: chromedriver=2.24.417431 (9aea000394714d2fbb20850021f6204f2256b9cf),platform=Windows NT 6.1.7601 SP1 x86) (WARNING: The server did not provide any stacktrace information)
Command duration or timeout: 90.04 seconds
Build info: version: '2.53.0', revision: '35ae25b1534ae328c771e0856c93e187490ca824', time: '2016-03-15 10:43:46'
System info: host: 'sarfaraz-pc', ip: '192.168.56.1', os.name: 'Windows 7', os.arch: 'x86', os.version: '6.1', java.version: '1.7.0_67'
Session ID: f8484a4d43f1d437dc468765479fcbd7
Driver info: org.openqa.selenium.chrome.ChromeDriver
Capabilities [{platform=XP, acceptSslCerts=true, javascriptEnabled=true, browserName=chrome, chrome={userDataDir=C:\Users\sarfaraz\AppData\Local\Temp\scoped_dir8108_18238, chromedriverVersion=2.24.417431 (9aea000394714d2fbb20850021f6204f2256b9cf)}, networkConnectionEnabled=false, rotatable=false, locationContextEnabled=true, mobileEmulationEnabled=false, version=53.0.2785.116, pageLoadStrategy=normal, takesHeapSnapshot=true, cssSelectorsEnabled=true, databaseEnabled=false, handlesAlerts=true, browserConnectionEnabled=false, webStorageEnabled=true, nativeEvents=true, hasTouchScreen=false, applicationCacheEnabled=false, takesScreenshot=true}]]]>
            </message>
            <full-stacktrace>
              <![CDATA[org.openqa.selenium.TimeoutException: timeout: cannot determine loading status
from timeout: Timed out receiving message from renderer: -0.011
  (Session info: chrome=53.0.2785.116)
  (Driver info: chromedriver=2.24.417431 (9aea000394714d2fbb20850021f6204f2256b9cf),platform=Windows NT 6.1.7601 SP1 x86) (WARNING: The server did not provide any stacktrace information)
Command duration or timeout: 90.04 seconds
Build info: version: '2.53.0', revision: '35ae25b1534ae328c771e0856c93e187490ca824', time: '2016-03-15 10:43:46'
System info: host: 'sarfaraz-pc', ip: '192.168.56.1', os.name: 'Windows 7', os.arch: 'x86', os.version: '6.1', java.version: '1.7.0_67'
Session ID: f8484a4d43f1d437dc468765479fcbd7
Driver info: org.openqa.selenium.chrome.ChromeDriver
Capabilities [{platform=XP, acceptSslCerts=true, javascriptEnabled=true, browserName=chrome, chrome={userDataDir=C:\Users\sarfaraz\AppData\Local\Temp\scoped_dir8108_18238, chromedriverVersion=2.24.417431 (9aea000394714d2fbb20850021f6204f2256b9cf)}, networkConnectionEnabled=false, rotatable=false, locationContextEnabled=true, mobileEmulationEnabled=false, version=53.0.2785.116, pageLoadStrategy=normal, takesHeapSnapshot=true, cssSelectorsEnabled=true, databaseEnabled=false, handlesAlerts=true, browserConnectionEnabled=false, webStorageEnabled=true, nativeEvents=true, hasTouchScreen=false, applicationCacheEnabled=false, takesScreenshot=true}]
	at sun.reflect.NativeConstructorAccessorImpl.newInstance0(Native Method)
	at sun.reflect.NativeConstructorAccessorImpl.newInstance(Unknown Source)
	at sun.reflect.DelegatingConstructorAccessorImpl.newInstance(Unknown Source)
	at java.lang.reflect.Constructor.newInstance(Unknown Source)
	at org.openqa.selenium.remote.ErrorHandler.createThrowable(ErrorHandler.java:206)
	at org.openqa.selenium.remote.ErrorHandler.throwIfResponseFailed(ErrorHandler.java:158)
	at org.openqa.selenium.remote.RemoteWebDriver.execute(RemoteWebDriver.java:678)
	at org.openqa.selenium.remote.RemoteWebDriver.get(RemoteWebDriver.java:316)
	at basicScripts.BasicTest.tearDown(BasicTest.java:54)
	at sun.reflect.NativeMethodAccessorImpl.invoke0(Native Method)
	at sun.reflect.NativeMethodAccessorImpl.invoke(Unknown Source)
	at sun.reflect.DelegatingMethodAccessorImpl.invoke(Unknown Source)
	at java.lang.reflect.Method.invoke(Unknown Source)
	at org.testng.internal.MethodInvocationHelper.invokeMethod(MethodInvocationHelper.java:84)
	at org.testng.internal.Invoker.invokeConfigurationMethod(Invoker.java:564)
	at org.testng.internal.Invoker.invokeConfigurations(Invoker.java:213)
	at org.testng.internal.Invoker.invokeMethod(Invoker.java:786)
	at org.testng.internal.Invoker.invokeTestMethod(Invoker.java:901)
	at org.testng.internal.Invoker.invokeTestMethods(Invoker.java:1231)
	at org.testng.internal.TestMethodWorker.invokeTestMethods(TestMethodWorker.java:127)
	at org.testng.internal.TestMethodWorker.run(TestMethodWorker.java:111)
	at java.util.concurrent.ThreadPoolExecutor.runWorker(Unknown Source)
	at java.util.concurrent.ThreadPoolExecutor$Worker.run(Unknown Source)
	at java.lang.Thread.run(Unknown Source)
]]>
            </full-stacktrace>
          </exception> <!-- org.openqa.selenium.TimeoutException -->
          <reporter-output>
          </reporter-output>
        </test-method> <!-- tearDown -->
      </class> <!-- basicScripts.BasicTest -->
    </test> <!-- CTtransit Automation Run on Firefox -->
  </suite> <!-- CTtransit Automation Suite -->
</testng-results>
