<?xml version="1.0" encoding="UTF-8"?>
<!-- Generated by org.testng.reporters.JUnitXMLReporter -->
<testsuite hostname="Sarfaraj_Doni" name="Boat Ed Automation Run on Firefox" tests="2" failures="0" timestamp="14 Mar 2016 09:01:57 GMT" time="111.814" errors="0">
  <testcase name="Login_LoginSuccessful" time="42.334" classname="home.Link.LoginVerification"/>
  <testcase name="Login_UIElementVerification" time="30.323" classname="home.Link.LoginVerification"/>
</testsuite> <!-- Boat Ed Automation Run on Firefox -->
